2024-02-13 12:14:32,609:INFO:**Segment 1**

**Host 1:** Welcome to Dudu Talk, the podcast where we talk about all things Python. I'm your host, [Host 1's name].

**Host 2:** And I'm your co-host, [Host 2's name]. Today, we're going to be talking about the latest news in the world of Python.

**Host 1:** So, what's new in the world of Python?

**Host 2:** Well, one of the biggest things is the release of Python 3.11. This is a major new version of Python that includes a number of new features and improvements.

**Host 1:** What are some of the new features in Python 3.11?

**Host 2:** Well, there are a lot of them, but some of the highlights include:

* A new type hinting system that makes it easier to write code that is type-safe.
* A new pattern matching system that makes it easier to write code that handles different types of data.
* A new exception handling system that makes it easier to write code that handles errors gracefully.

**Host 1:** Those sound like some great new features. I can't wait to try them out.

**Host 2:** Me too. And that's just a few of the new features in Python 3.11. There are a lot of other great things in this release, so be sure to check it out.

**Host 1:** Thanks for the update, [Host 2's name]. That's all for this segment of Dudu Talk. Stay tuned for more Python news and discussion in the next segment.
2024-02-13 12:14:33,975:INFO:**Segment 2**

**Host 1:** Welcome back to Dudu
2024-02-13 12:14:34,775:INFO: Talk, the podcast where we talk about all things Python. I'm your host, [Host 1's name].

**Host 2:**
2024-02-13 12:14:36,423:INFO: And I'm your co-host, [Host 2's name]. Today, we're going to be talking about the latest news in the world of Python.

**Host 1:** So, what else is new in the world of Python?

**Host 2:** Well, one of
2024-02-13 12:14:37,833:INFO: the other big things is the upcoming Python Enhancement Summit (PEP). This is a meeting of the Python community where they get together to discuss the future of Python and to vote on new features.

**Host 1:** When is the Python Enhancement Summit?

**Host 2:** It's actually coming up soon, in April 2023. This year, it's going to be held in Portland, Oregon.

**Host 1:** That sounds like a great event. I wish I could go.

**Host 2:** Me too. But don't worry, we'll be sure to
2024-02-13 12:14:37,833:INFO: keep you updated on all the news and developments that come out of the summit.

**Host 1:** Thanks, [Host 2's name]. That's all for this segment of Dudu Talk. Stay tuned for more Python news and discussion in the next segment.

**Note:** The Python Enhancement Summit (PEP) is an annual event where the Python community gets together to discuss the future of Python and to vote on new features. The next summit will be held in Portland, Oregon in April 2023.
2024-02-13 12:14:39,305:INFO:**Segment 3**

**Host 1:** Welcome back to Dudu
2024-02-13 12:14:40,105:INFO: Talk, the podcast where we talk about all things Python. I'm your host, [Host 1's name].

**Host 2:**
2024-02-13 12:14:41,834:INFO: And I'm your co-host, [Host 2's name]. Today, we're going to be talking about a specific topic in the world of Python: the use of Python in data science.

**Host 1:** Data science is a rapidly growing field, and Python is one of the
2024-02-13 12:14:43,874:INFO: most popular programming languages for data scientists. Why is that?

**Host 2:** There are a few reasons. First, Python is a very versatile language. It can be used for a wide variety of tasks, from data cleaning and wrangling to machine learning and deep learning.

**Host 1:** Second, Python has a large and active community, which means that there are a lot of resources and support available for data scientists who use Python.

**Host 2:** Third, Python has a number of powerful libraries and frameworks that make it easy to work with data. For example, the pandas library provides a number of
2024-02-13 12:14:43,890:INFO: tools for data manipulation and analysis, and the scikit-learn library provides a number of machine learning algorithms.

**Host 1:** Those are all great reasons why Python is so popular for data science. I'm sure that we'll continue to see Python being used in this field for many years to come.

**Host 2:** Absolutely. And that's all for this segment of Dudu Talk. Stay tuned for more Python news and discussion in the next segment.

**Note:** Data science is a rapidly growing field that uses data to extract knowledge and insights. Python is a popular programming language for data scientists because it is versatile, has a large community, and has a number of powerful libraries and frameworks for working with data.
2024-02-13 12:14:45,742:INFO:**Segment 4**

**Host 1:** Welcome back to Dudu
2024-02-13 12:14:46,667:INFO: Talk, the podcast where we talk about all things Python. I'm your host, [Host 1's name].

**Host 2:**
2024-02-13 12:14:48,381:INFO: And I'm your co-host, [Host 2's name]. Today, we're going to be talking about a specific Python library that is very popular in the data science community: NumPy.

**Host 1:** NumPy is a library that provides a number of tools for working with
2024-02-13 12:14:51,124:INFO: numerical data. It is used for a wide variety of tasks, including:

* Data cleaning and wrangling
* Mathematical operations
* Statistical analysis
* Machine learning
* Deep learning

**Host 2:** NumPy is very popular in the data science community because it is fast, efficient, and easy to use. It also has a large and active community, which means that there are a lot of resources and support available for data scientists who use NumPy.

**Host 1:** One of the most important features of NumPy is its support for multidimensional arrays. This makes it very easy to work with data that
2024-02-13 12:14:51,124:INFO: has multiple dimensions, such as images and videos.

**Host 2:** NumPy also has a number of powerful functions for performing mathematical operations on arrays. This makes it very easy to perform complex calculations on large datasets.

**Host 1:** NumPy is a very powerful library that is essential for data scientists who use Python. If you are working with numerical data, then you should definitely check out NumPy.

**Host 2:** And that's all for this segment of Dudu Talk. Stay tuned for more Python news and discussion in the next segment.

**Note:** NumPy is a popular Python library that provides a number of tools for working with numerical data. It is used for a wide variety of tasks, including data cleaning and wrangling, mathematical operations, statistical analysis, machine learning, and deep learning. NumPy is popular in the data science community because it is fast, efficient, and easy to use. It also has a large and active community.
2024-02-13 12:14:52,520:INFO:**Segment 5**

**Host 1:** Welcome back to Dudu
2024-02-13 12:14:53,391:INFO: Talk, the podcast where we talk about all things Python. I'm your host, [Host 1's name].

**Host 2:**
2024-02-13 12:14:54,976:INFO: And I'm your co-host, [Host 2's name]. That's all for the Python news and discussion for this week. Thanks for listening to Dudu Talk.

**Host 1:** If you have any questions or comments, please feel free to reach out to us on social media
2024-02-13 12:14:54,976:INFO:. You can find us on Twitter at @dudutalkpodcast.

**Host 2:** We'll be back next week with more Python news and discussion. So stay tuned.

**Host 1:** Thanks for listening to Dudu Talk.

**Note:** This is the final segment of the podcast. The hosts thank the listeners for listening and invite them to reach out on social media with any questions or comments. They also promote the podcast's social media account and remind listeners to tune in next week for more Python news and discussion.
2024-02-13 12:14:54,976:INFO:Host 1:** Welcome to Dudu Talk, the podcast where we talk about all things Python. I'm your host, [Host 1's name].
Host 2:** And I'm your co-host, [Host 2's name]. Today, we're going to be talking about the latest news in the world of Python.
Host 1:** So, what's new in the world of Python?
Host 2:** Well, one of the biggest things is the release of Python 3.11. This is a major new version of Python that includes a number of new features and improvements.
Host 1:** What are some of the new features in Python 3.11?
Host 2:** Well, there are a lot of them, but some of the highlights include:
Host 1:** Those sound like some great new features. I can't wait to try them out.
Host 2:** Me too. And that's just a few of the new features in Python 3.11. There are a lot of other great things in this release, so be sure to check it out.Host 1:** Welcome back to Dudu Talk, the podcast where we talk about all things Python. I'm your host, [Host 1's name].
Host 2:** And I'm your co-host, [Host 2's name]. Today, we're going to be talking about the latest news in the world of Python.
Host 1:** So, what else is new in the world of Python?
Host 2:** Well, one of the other big things is the upcoming Python Enhancement Summit (PEP). This is a meeting of the Python community where they get together to discuss the future of Python and to vote on new features.
Host 1:** When is the Python Enhancement Summit?
Host 2:** It's actually coming up soon, in April 2023. This year, it's going to be held in Portland, Oregon.
Host 1:** That sounds like a great event. I wish I could go.
Host 2:** Me too. But don't worry, we'll be sure to keep you updated on all the news and developments that come out of the summit.
Host 1:** Thanks, [Host 2's name]. That's all for this segment of Dudu Talk. Stay tuned for more Python news and discussion in the next segment.Host 1:** Welcome back to Dudu Talk, the podcast where we talk about all things Python. I'm your host, [Host 1's name].
Host 2:** And I'm your co-host, [Host 2's name]. Today, we're going to be talking about a specific topic in the world of Python: the use of Python in data science.
Host 1:** Data science is a rapidly growing field, and Python is one of the most popular programming languages for data scientists. Why is that?
Host 2:** There are a few reasons. First, Python is a very versatile language. It can be used for a wide variety of tasks, from data cleaning and wrangling to machine learning and deep learning.
Host 1:** Second, Python has a large and active community, which means that there are a lot of resources and support available for data scientists who use Python.
Host 2:** Third, Python has a number of powerful libraries and frameworks that make it easy to work with data. For example, the pandas library provides a number of tools for data manipulation and analysis, and the scikit-learn library provides a number of machine learning algorithms.
Host 1:** Those are all great reasons why Python is so popular for data science. I'm sure that we'll continue to see Python being used in this field for many years to come.
Host 2:** Absolutely. And that's all for this segment of Dudu Talk. Stay tuned for more Python news and discussion in the next segment.Host 1:** Welcome back to Dudu Talk, the podcast where we talk about all things Python. I'm your host, [Host 1's name].
Host 2:** And I'm your co-host, [Host 2's name]. Today, we're going to be talking about a specific Python library that is very popular in the data science community: NumPy.
Host 1:** NumPy is a library that provides a number of tools for working with numerical data. It is used for a wide variety of tasks, including:
Host 2:** NumPy is very popular in the data science community because it is fast, efficient, and easy to use. It also has a large and active community, which means that there are a lot of resources and support available for data scientists who use NumPy.
Host 1:** One of the most important features of NumPy is its support for multidimensional arrays. This makes it very easy to work with data that has multiple dimensions, such as images and videos.
Host 2:** NumPy also has a number of powerful functions for performing mathematical operations on arrays. This makes it very easy to perform complex calculations on large datasets.
Host 1:** NumPy is a very powerful library that is essential for data scientists who use Python. If you are working with numerical data, then you should definitely check out NumPy.
Host 2:** And that's all for this segment of Dudu Talk. Stay tuned for more Python news and discussion in the next segment.Host 1:** Welcome back to Dudu Talk, the podcast where we talk about all things Python. I'm your host, [Host 1's name].
Host 2:** And I'm your co-host, [Host 2's name]. That's all for the Python news and discussion for this week. Thanks for listening to Dudu Talk.
Host 1:** If you have any questions or comments, please feel free to reach out to us on social media. You can find us on Twitter at @dudutalkpodcast.
Host 2:** We'll be back next week with more Python news and discussion. So stay tuned.
Host 1:** Thanks for listening to Dudu Talk.
2024-02-13 12:15:12,479:INFO:**Podcast Title:** Dudu Talk: The Python Podcast

**Hosts:**

* [Host 1's name]
* [Host 2's name]

**Segment 1: Python 3.11**

**Host 1:** Welcome to Dudu Talk, the podcast where we talk about all things Python. I'm your host, [Host 1's name].

**Host 2:** And I'm your co-host, [Host 2's name]. Today, we're going to be talking about the latest news in the world of Python.

**Host 1:** So, what's new in the world of Python?

**Host 2:** Well, one of the biggest things is the release of Python 3.11. This is a major new version of Python that includes a number of new features and improvements.

**Host 1:** What are some of the new features in Python 3.11?

**Host 2:** Well, there are a lot of them, but some of the highlights include:

* A new type hinting system that makes it easier to write code that is type-safe.
* A new pattern matching system that makes it easier to write code that handles different types of data.
* A new exception handling system that makes it easier to write code that handles errors gracefully.

**Host 1:** Those sound like some great new features. I can't wait to try them out.

**Host 2:** Me too. And that's just a few of the new features in Python 3.11. There are a lot of other great things in this release, so be sure to check it out.

**Segment 2: Python Enhancement Summit (PEP)**

**Host 1:** Welcome back to Dudu Talk, the podcast where we talk about all things Python. I'm your host, [Host 1's name].

**Host 2:** And I'm your co-host, [Host 2's name]. Today, we're going to be talking about the upcoming Python Enhancement Summit (PEP).

**Host 1:** What is the Python Enhancement Summit?

**Host 2:** It's a meeting of the Python community where they get together to discuss the future of Python and to vote on new features.

**Host 1:** When is the Python Enhancement Summit?

**Host 2:** It's coming up soon, in April 2023. This year, it's going to be held in Portland, Oregon.

**Host 1:** That sounds like a great event. I wish I could go.

**Host 2:** Me too. But don't worry, we'll be sure to keep you updated on all the news and developments that come out of the summit.

**Segment 3: Python in Data Science**

**Host 1:** Welcome back to Dudu Talk, the podcast where we talk about all things Python. I'm your host, [Host 1's name].

**Host 2:** And I'm your co-host, [Host 2's name]. Today, we're going to be talking about a specific topic in the world of Python: the use of Python in data science.

**Host 1:** Data science is a rapidly growing field, and Python is one of the most popular programming languages for data scientists. Why is that?

**Host 2:** There are a few reasons. First, Python is a very versatile language. It can be used for a wide variety of tasks, from data cleaning and wrangling to machine learning and deep learning.

**Host 1:** Second, Python has a large and active community, which means that there are a lot of resources and support available for data scientists who use Python.

**Host 2:** Third, Python has a number of powerful libraries and frameworks that make it easy to work with data. For example, the pandas library provides a number of tools for data manipulation and analysis, and the scikit-learn library provides a number of machine learning algorithms.

**Host 1:** Those are all great reasons why Python is so popular for data science. I'm sure that we'll continue to see Python being used in this field for many years to come.

**Segment 4: NumPy**

**Host 1:** Welcome back to Dudu Talk, the podcast where we talk about all things Python. I'm your host, [Host 1's name].

**Host 2:** And I'm your co-host, [Host 2's name]. Today, we're going to be talking about a specific Python library that is very popular in the data science community: NumPy.

**Host 1:** NumPy is a library that provides a number of tools for working with numerical data. It is used for a wide variety of tasks, including:

* Data cleaning and wrangling
* Mathematical operations
* Statistical analysis
* Machine learning
* Deep learning

**Host 2:** NumPy is very popular in the data science community because it is fast, efficient, and easy to use. It also has a large and active community, which means that there are a lot of resources and support available for data scientists who use NumPy.

**Host 1:** One of the most important features of NumPy is its support for multidimensional
